e:\vs_projects\diplom\graphics_7\graphics_2\vendor\imgui\obj\release\imgui.pdb
e:\vs_projects\diplom\graphics_7\graphics_2\vendor\imgui\obj\release\imgui_widgets.obj
e:\vs_projects\diplom\graphics_7\graphics_2\vendor\imgui\obj\release\imgui_draw.obj
e:\vs_projects\diplom\graphics_7\graphics_2\vendor\imgui\obj\release\imgui_demo.obj
e:\vs_projects\diplom\graphics_7\graphics_2\vendor\imgui\obj\release\imgui.obj
e:\vs_projects\diplom\graphics_7\graphics_2\vendor\imgui\obj\release\vcpkg.applocal.log
e:\vs_projects\diplom\graphics_7\graphics_2\vendor\imgui\bin\release\imgui.lib
e:\vs_projects\diplom\graphics_7\graphics_2\vendor\imgui\obj\release\nativecodeanalysis.read.1.tlog
e:\vs_projects\diplom\graphics_7\graphics_2\vendor\imgui\obj\release\imgui.nativecodeanalysis.xml
e:\vs_projects\diplom\graphics_7\graphics_2\vendor\imgui\obj\release\imgui_demo.nativecodeanalysis.xml
e:\vs_projects\diplom\graphics_7\graphics_2\vendor\imgui\obj\release\imgui_draw.nativecodeanalysis.xml
e:\vs_projects\diplom\graphics_7\graphics_2\vendor\imgui\obj\release\imgui_widgets.nativecodeanalysis.xml
e:\vs_projects\diplom\graphics_7\graphics_2\vendor\imgui\obj\release\vc.nativecodeanalysis.all.xml
e:\vs_projects\diplom\graphics_7\graphics_2\vendor\imgui\obj\release\imgui.tlog\cl.command.1.tlog
e:\vs_projects\diplom\graphics_7\graphics_2\vendor\imgui\obj\release\imgui.tlog\lib.command.1.tlog
e:\vs_projects\diplom\graphics_7\graphics_2\vendor\imgui\obj\release\imgui.tlog\cl.read.1.tlog
e:\vs_projects\diplom\graphics_7\graphics_2\vendor\imgui\obj\release\imgui.tlog\lib-link.read.1.tlog
e:\vs_projects\diplom\graphics_7\graphics_2\vendor\imgui\obj\release\imgui.tlog\cl.write.1.tlog
e:\vs_projects\diplom\graphics_7\graphics_2\vendor\imgui\obj\release\imgui.tlog\imgui.write.1u.tlog
e:\vs_projects\diplom\graphics_7\graphics_2\vendor\imgui\obj\release\imgui.tlog\lib-link.write.1.tlog
